14/01/24 14:10:59 - DEBUG - urllib3.connectionpool - [_new_conn]: Starting new HTTPS connection (1): raw.githubusercontent.com:443
14/01/24 14:11:00 - DEBUG - urllib3.connectionpool - [_make_request]: https://raw.githubusercontent.com:443 "GET /rdavydov/Twitch-Channel-Points-Miner-v2/master/TwitchChannelPointsMiner/__init__.py HTTP/1.1" 200 125
14/01/24 14:11:00 - INFO - TwitchChannelPointsMiner.TwitchChannelPointsMiner - [__init__]: Twitch Channel Points Miner v2-1.9.1 (fork by rdavydov)
14/01/24 14:11:00 - INFO - TwitchChannelPointsMiner.TwitchChannelPointsMiner - [__init__]: https://github.com/rdavydov/Twitch-Channel-Points-Miner-v2
14/01/24 14:11:00 - INFO - TwitchChannelPointsMiner.TwitchChannelPointsMiner - [__init__]: You are running version 1.9.1 of this script
14/01/24 14:11:00 - INFO - TwitchChannelPointsMiner.TwitchChannelPointsMiner - [__init__]: The latest version on GitHub is 1.9.2
14/01/24 14:11:00 - INFO - TwitchChannelPointsMiner.TwitchChannelPointsMiner - [run]: Start session: 'ec5b6542-c490-4a30-8271-178d2c8d5055'
14/01/24 14:11:00 - INFO - TwitchChannelPointsMiner.classes.TwitchLogin - [login_flow]: You'll have to login to Twitch!
14/01/24 14:11:00 - INFO - TwitchChannelPointsMiner.classes.TwitchLogin - [login_flow]: Trying the TV login method..
14/01/24 14:11:00 - DEBUG - urllib3.connectionpool - [_new_conn]: Starting new HTTPS connection (1): id.twitch.tv:443
14/01/24 14:11:01 - DEBUG - urllib3.connectionpool - [_make_request]: https://id.twitch.tv:443 "POST /oauth2/device HTTP/1.1" 200 164
14/01/24 14:11:01 - INFO - TwitchChannelPointsMiner.classes.TwitchLogin - [login_flow]: Open https://www.twitch.tv/activate
14/01/24 14:11:01 - INFO - TwitchChannelPointsMiner.classes.TwitchLogin - [login_flow]: and enter this code: BBQPXKWM
14/01/24 14:11:01 - INFO - TwitchChannelPointsMiner.classes.TwitchLogin - [login_flow]: Hurry up! It will expire in 30 minutes!
14/01/24 14:11:07 - DEBUG - urllib3.connectionpool - [_make_request]: https://id.twitch.tv:443 "POST /oauth2/token HTTP/1.1" 400 49
14/01/24 14:11:12 - DEBUG - urllib3.connectionpool - [_make_request]: https://id.twitch.tv:443 "POST /oauth2/token HTTP/1.1" 400 49
14/01/24 14:11:17 - DEBUG - urllib3.connectionpool - [_make_request]: https://id.twitch.tv:443 "POST /oauth2/token HTTP/1.1" 400 49
14/01/24 14:11:23 - DEBUG - urllib3.connectionpool - [_make_request]: https://id.twitch.tv:443 "POST /oauth2/token HTTP/1.1" 400 49
14/01/24 14:11:28 - DEBUG - urllib3.connectionpool - [_make_request]: https://id.twitch.tv:443 "POST /oauth2/token HTTP/1.1" 200 248
14/01/24 14:11:28 - DEBUG - urllib3.connectionpool - [_new_conn]: Starting new HTTPS connection (1): gql.twitch.tv:443
14/01/24 14:11:29 - DEBUG - urllib3.connectionpool - [_make_request]: https://gql.twitch.tv:443 "POST /gql HTTP/1.1" 200 199
15/01/24 11:48:32 - DEBUG - urllib3.connectionpool - [_new_conn]: Starting new HTTPS connection (1): raw.githubusercontent.com:443
